<?xml version="1.0" encoding="UTF-8"?>
<!-- Generated by org.testng.reporters.JUnitXMLReporter -->
<testsuite ignored="6" hostname="LNGDAYL-7008950" failures="0" tests="1" name="Default test" time="40.487" errors="0" timestamp="24 May 2018 05:26:47 GMT">
  <testcase classname="io.branch.tests.TeamTests" name="validateEmployeeImages" time="34.23"/>
  <testcase classname="io.branch.tests.TeamTests" name="validateMissingEmployeeNamesInDeptTabs" time="0.0">
    <ignored/>
  </testcase> <!-- validateMissingEmployeeNamesInDeptTabs -->
  <testcase classname="io.branch.tests.TeamTests" name="validateBrokenLinksOnTeamPage" time="0.0">
    <ignored/>
  </testcase> <!-- validateBrokenLinksOnTeamPage -->
  <testcase classname="io.branch.tests.TeamTests" name="validateDeptCount" time="0.0">
    <ignored/>
  </testcase> <!-- validateDeptCount -->
  <testcase classname="io.branch.tests.TeamTests" name="validateEmployeeNames" time="0.0">
    <ignored/>
  </testcase> <!-- validateEmployeeNames -->
  <testcase classname="io.branch.tests.TeamTests" name="validateEmployeeCount" time="0.0">
    <ignored/>
  </testcase> <!-- validateEmployeeCount -->
  <testcase classname="io.branch.tests.TeamTests" name="validateSignUpForDemoRequest" time="0.0">
    <ignored/>
  </testcase> <!-- validateSignUpForDemoRequest -->
</testsuite> <!-- Default test -->
