<?xml version="1.0" encoding="UTF-8"?>
<testng-results ignored="6" total="7" passed="1" failed="0" skipped="0">
  <reporter-output>
  </reporter-output>
  <suite started-at="2018-05-24T04:50:26Z" name="Default suite" finished-at="2018-05-24T04:51:18Z" duration-ms="51533">
    <groups>
    </groups>
    <test started-at="2018-05-24T04:50:26Z" name="Default test" finished-at="2018-05-24T04:51:18Z" duration-ms="51533">
      <class name="io.branch.tests.TeamTests">
        <test-method is-config="true" signature="setup()[pri:0, instance:io.branch.tests.TeamTests@291b4bf5]" started-at="2018-05-24T04:50:27Z" name="setup" finished-at="2018-05-24T04:50:34Z" duration-ms="7140" status="PASS">
          <reporter-output>
          </reporter-output>
        </test-method> <!-- setup -->
        <test-method signature="validateEmployeeImages()[pri:0, instance:io.branch.tests.TeamTests@291b4bf5]" started-at="2018-05-24T04:50:34Z" name="validateEmployeeImages" finished-at="2018-05-24T04:51:18Z" duration-ms="44357" status="PASS">
          <reporter-output>
          </reporter-output>
        </test-method> <!-- validateEmployeeImages -->
        <test-method is-config="true" signature="tearDown()[pri:0, instance:io.branch.tests.TeamTests@291b4bf5]" started-at="2018-05-24T04:51:18Z" name="tearDown" finished-at="2018-05-24T04:51:18Z" duration-ms="0" status="PASS">
          <reporter-output>
          </reporter-output>
        </test-method> <!-- tearDown -->
      </class> <!-- io.branch.tests.TeamTests -->
    </test> <!-- Default test -->
  </suite> <!-- Default suite -->
</testng-results>
